Using pre-set license

 COMMAND LINE ARGUMENTS:
/Applications/Unity/Hub/Editor/2020.2.3f1/Unity.app/Contents/MacOS/Unity
-adb2
-batchMode
-noUpm
-name
AssetImportWorker0
-projectPath
/Users/keita/@active/su8erlemon/proto-unity-custom-postprocessing-template
-logFile
Logs/AssetImportWorker0.log
-srvPort
61452
Successfully changed project path to: /Users/keita/@active/su8erlemon/proto-unity-custom-postprocessing-template
/Users/keita/@active/su8erlemon/proto-unity-custom-postprocessing-template
Using Asset Import Pipeline V2.
Refreshing native plugins compatible for Editor in 23.03 ms, found 1 plugins.
Preloading 0 native plugins for Editor in 0.00 ms.
Initialize engine version: 2020.2.3f1 (8ff31bc5bf5b)
[Subsystems] Discovering subsystems at path /Applications/Unity/Hub/Editor/2020.2.3f1/Unity.app/Contents/Resources/UnitySubsystems
[Subsystems] Discovering subsystems at path /Users/keita/@active/su8erlemon/proto-unity-custom-postprocessing-template/Assets
GfxDevice: creating device client; threaded=0
2021-03-16 16:53:31.141 Unity[10828:343625] MSI MAG341CQ preferred device: AMD Radeon Pro Vega 20 (high power)
2021-03-16 16:53:31.141 Unity[10828:343625] Metal devices available: 2
2021-03-16 16:53:31.141 Unity[10828:343625] 0: AMD Radeon Pro Vega 20 (high power)
2021-03-16 16:53:31.141 Unity[10828:343625] 1: Intel(R) UHD Graphics 630 (low power)
2021-03-16 16:53:31.141 Unity[10828:343625] Using device AMD Radeon Pro Vega 20 (high power)
Initializing Metal device caps: AMD Radeon Pro Vega 20
Initialize mono
Mono path[0] = '/Applications/Unity/Hub/Editor/2020.2.3f1/Unity.app/Contents/Managed'
Mono path[1] = '/Applications/Unity/Hub/Editor/2020.2.3f1/Unity.app/Contents/MonoBleedingEdge/lib/mono/unityjit'
Mono config path = '/Applications/Unity/Hub/Editor/2020.2.3f1/Unity.app/Contents/MonoBleedingEdge/etc'
Using monoOptions --debugger-agent=transport=dt_socket,embedding=1,server=y,suspend=n,address=127.0.0.1:56828
Begin MonoManager ReloadAssembly
Registering precompiled unity dll's ...
Register platform support module: /Applications/Unity/Hub/Editor/2020.2.3f1/Unity.app/Contents/PlaybackEngines/MacStandaloneSupport/UnityEditor.OSXStandalone.Extensions.dll
Registered in 0.002576 seconds.
Native extension for OSXStandalone target not found
Refreshing native plugins compatible for Editor in 23.34 ms, found 1 plugins.
Preloading 0 native plugins for Editor in 0.00 ms.
Invoked RoslynAnalysisRunner static constructor.
RoslynAnalysisRunner will not be running.
RoslynAnalysisRunner has terminated.
Mono: successfully reloaded assembly
- Completed reload, in  2.079 seconds
Platform modules already initialized, skipping
Registering precompiled user dll's ...
Registered in 0.000908 seconds.
Begin MonoManager ReloadAssembly
Native extension for OSXStandalone target not found
Refreshing native plugins compatible for Editor in 0.20 ms, found 1 plugins.
Preloading 0 native plugins for Editor in 0.00 ms.
[ScriptCompilation] NOT recompiling all scripts because this is an import worker process. Reason to compile was: Define symbols changed
Invoked RoslynAnalysisRunner static constructor.
RoslynAnalysisRunner will not be running.
RoslynAnalysisRunner has terminated.
Mono: successfully reloaded assembly
- Completed reload, in  0.875 seconds
Platform modules already initialized, skipping
========================================================================
Worker process is ready to serve import requests
Launching external process: /Applications/Unity/Hub/Editor/2020.2.3f1/Unity.app/Contents/Tools/UnityShaderCompiler
Launched and connected shader compiler UnityShaderCompiler after 0.01 seconds
Refreshing native plugins compatible for Editor in 0.20 ms, found 1 plugins.
Preloading 0 native plugins for Editor in 0.00 ms.
Unloading 1219 Unused Serialized files (Serialized files now loaded: 0)
System memory in use before: 135.3 MB.
System memory in use after: 135.4 MB.

Unloading 10 unused Assets to reduce memory usage. Loaded Objects now: 1660.
Total: 1.867759 ms (FindLiveObjects: 0.171060 ms CreateObjectMapping: 0.052729 ms MarkObjects: 1.561567 ms  DeleteObjects: 0.081533 ms)

========================================================================
Received Import Request.
  path: Assets/_CustomPostprocess
  artifactKey: Guid(dc888dd4b8e484b56aa0ba5f20d1cd07) Importer(815301076,1909f56bfc062723c751e8b465ee728b)
Start importing Assets/_CustomPostprocess using Guid(dc888dd4b8e484b56aa0ba5f20d1cd07) Importer(815301076,1909f56bfc062723c751e8b465ee728b)  -> (artifact id: 'bc91036d133a7d61e29bd0ced68cb3f7') in 0.003067 seconds
  Import took 0.004787 seconds .

========================================================================
Received Import Request.
  Time since last request: 2.825327 seconds.
  path: Assets/_CustomPostprocess/NewBehaviourScript.cs
  artifactKey: Guid(f51668a8e0b9b4009a47814e97cb8ba5) Importer(815301076,1909f56bfc062723c751e8b465ee728b)
Start importing Assets/_CustomPostprocess/NewBehaviourScript.cs using Guid(f51668a8e0b9b4009a47814e97cb8ba5) Importer(815301076,1909f56bfc062723c751e8b465ee728b)  -> (artifact id: '9126d64e5c7fcc9d65b7450fc860939c') in 1.824983 seconds
  Import took 1.826867 seconds .

========================================================================
Received Prepare
Registering precompiled user dll's ...
Registered in 0.000303 seconds.
Begin MonoManager ReloadAssembly
Native extension for OSXStandalone target not found
Refreshing native plugins compatible for Editor in 0.30 ms, found 1 plugins.
Preloading 0 native plugins for Editor in 0.00 ms.
[ScriptCompilation] NOT recompiling all scripts because this is an import worker process. Reason to compile was: Define symbols changed
Invoked RoslynAnalysisRunner static constructor.
RoslynAnalysisRunner will not be running.
RoslynAnalysisRunner has terminated.
Mono: successfully reloaded assembly
- Completed reload, in  0.798 seconds
Platform modules already initialized, skipping
Refreshing native plugins compatible for Editor in 0.20 ms, found 1 plugins.
Preloading 0 native plugins for Editor in 0.00 ms.
Unloading 1188 Unused Serialized files (Serialized files now loaded: 0)
System memory in use before: 137.6 MB.
System memory in use after: 137.7 MB.

Unloading 5 unused Assets to reduce memory usage. Loaded Objects now: 1663.
Total: 1.338604 ms (FindLiveObjects: 0.117714 ms CreateObjectMapping: 0.030151 ms MarkObjects: 1.152780 ms  DeleteObjects: 0.037252 ms)

========================================================================
Received Prepare
Registering precompiled user dll's ...
Registered in 0.000223 seconds.
Begin MonoManager ReloadAssembly
Native extension for OSXStandalone target not found
Refreshing native plugins compatible for Editor in 0.20 ms, found 1 plugins.
Preloading 0 native plugins for Editor in 0.00 ms.
[ScriptCompilation] NOT recompiling all scripts because this is an import worker process. Reason to compile was: Define symbols changed
Invoked RoslynAnalysisRunner static constructor.
RoslynAnalysisRunner will not be running.
RoslynAnalysisRunner has terminated.
Mono: successfully reloaded assembly
- Completed reload, in  0.834 seconds
Platform modules already initialized, skipping
Refreshing native plugins compatible for Editor in 0.20 ms, found 1 plugins.
Preloading 0 native plugins for Editor in 0.00 ms.
Unloading 1187 Unused Serialized files (Serialized files now loaded: 0)
System memory in use before: 137.7 MB.
System memory in use after: 137.8 MB.

Unloading 6 unused Assets to reduce memory usage. Loaded Objects now: 1664.
Total: 1.478079 ms (FindLiveObjects: 0.171235 ms CreateObjectMapping: 0.032283 ms MarkObjects: 1.225277 ms  DeleteObjects: 0.048253 ms)

========================================================================
Received Import Request.
  Time since last request: 9.656770 seconds.
  path: Assets/_CustomPostprocess/Scenes
  artifactKey: Guid(722c04a05f0894f66a12fad7a114e547) Importer(815301076,1909f56bfc062723c751e8b465ee728b)
Start importing Assets/_CustomPostprocess/Scenes using Guid(722c04a05f0894f66a12fad7a114e547) Importer(815301076,1909f56bfc062723c751e8b465ee728b)  -> (artifact id: 'a656d8a1f648af46eb0277b4f959f7d6') in 0.002798 seconds
  Import took 0.004906 seconds .

========================================================================
Received Prepare
Registering precompiled user dll's ...
Registered in 0.000243 seconds.
Begin MonoManager ReloadAssembly
Native extension for OSXStandalone target not found
Refreshing native plugins compatible for Editor in 0.19 ms, found 1 plugins.
Preloading 0 native plugins for Editor in 0.00 ms.
[ScriptCompilation] NOT recompiling all scripts because this is an import worker process. Reason to compile was: Define symbols changed
Invoked RoslynAnalysisRunner static constructor.
RoslynAnalysisRunner will not be running.
RoslynAnalysisRunner has terminated.
Mono: successfully reloaded assembly
- Completed reload, in  0.762 seconds
Platform modules already initialized, skipping
Refreshing native plugins compatible for Editor in 0.18 ms, found 1 plugins.
Preloading 0 native plugins for Editor in 0.00 ms.
Unloading 1190 Unused Serialized files (Serialized files now loaded: 0)
System memory in use before: 138.1 MB.
System memory in use after: 138.2 MB.

Unloading 6 unused Assets to reduce memory usage. Loaded Objects now: 1668.
Total: 1.446851 ms (FindLiveObjects: 0.197936 ms CreateObjectMapping: 0.031313 ms MarkObjects: 1.105502 ms  DeleteObjects: 0.110495 ms)

========================================================================
Received Import Request.
  Time since last request: 71.814568 seconds.
  path: Assets/_CustomPostprocess/M65NoiseBridge.cs
  artifactKey: Guid(7146cf67e739f46f2a14062b0677bce8) Importer(815301076,1909f56bfc062723c751e8b465ee728b)
Start importing Assets/_CustomPostprocess/M65NoiseBridge.cs using Guid(7146cf67e739f46f2a14062b0677bce8) Importer(815301076,1909f56bfc062723c751e8b465ee728b)  -> (artifact id: 'f468b8cfa0013a42f8c40f27d76508e5') in 0.005458 seconds
  Import took 0.007530 seconds .

========================================================================
Received Import Request.
  Time since last request: 0.001949 seconds.
  path: Assets/_CustomPostprocess/M65NoiseBridge.cs
  artifactKey: Guid(7146cf67e739f46f2a14062b0677bce8) Importer(815301076,1909f56bfc062723c751e8b465ee728b)
Start importing Assets/_CustomPostprocess/M65NoiseBridge.cs using Guid(7146cf67e739f46f2a14062b0677bce8) Importer(815301076,1909f56bfc062723c751e8b465ee728b)  -> (artifact id: 'f468b8cfa0013a42f8c40f27d76508e5') in 0.003564 seconds
  Import took 0.005676 seconds .

========================================================================
Received Import Request.
  Time since last request: 0.559927 seconds.
  path: Assets/_CustomPostprocess/M65Noise.shader
  artifactKey: Guid(4627551af3e384ad4918a245af5b4241) Importer(815301076,1909f56bfc062723c751e8b465ee728b)
Start importing Assets/_CustomPostprocess/M65Noise.shader using Guid(4627551af3e384ad4918a245af5b4241) Importer(815301076,1909f56bfc062723c751e8b465ee728b)  -> (artifact id: 'd8c65f870534712615882d3d759b4d7a') in 0.629725 seconds
  Import took 0.631591 seconds .

========================================================================
Received Import Request.
  Time since last request: 0.062467 seconds.
  path: Assets/_CustomPostprocess/M65Noise.shader
  artifactKey: Guid(4627551af3e384ad4918a245af5b4241) Importer(815301076,1909f56bfc062723c751e8b465ee728b)
Start importing Assets/_CustomPostprocess/M65Noise.shader using Guid(4627551af3e384ad4918a245af5b4241) Importer(815301076,1909f56bfc062723c751e8b465ee728b)  -> (artifact id: 'd8c65f870534712615882d3d759b4d7a') in 0.003557 seconds
  Import took 0.005743 seconds .

========================================================================
Received Import Request.
  Time since last request: 221.058053 seconds.
  path: Assets/_CustomPostprocess/M65Noise.shader
  artifactKey: Guid(4627551af3e384ad4918a245af5b4241) Importer(815301076,1909f56bfc062723c751e8b465ee728b)
Start importing Assets/_CustomPostprocess/M65Noise.shader using Guid(4627551af3e384ad4918a245af5b4241) Importer(815301076,1909f56bfc062723c751e8b465ee728b)  -> (artifact id: '74b58c8f8e10cbdeac516d6bdba5f463') in 0.001861 seconds
  Import took 0.003669 seconds .

========================================================================
Received Prepare
Registering precompiled user dll's ...
Registered in 0.000336 seconds.
Begin MonoManager ReloadAssembly
Native extension for OSXStandalone target not found
Refreshing native plugins compatible for Editor in 0.34 ms, found 1 plugins.
Preloading 0 native plugins for Editor in 0.00 ms.
Invoked RoslynAnalysisRunner static constructor.
RoslynAnalysisRunner will not be running.
RoslynAnalysisRunner has terminated.
Mono: successfully reloaded assembly
- Completed reload, in  0.842 seconds
Platform modules already initialized, skipping
Refreshing native plugins compatible for Editor in 0.19 ms, found 1 plugins.
Preloading 0 native plugins for Editor in 0.00 ms.
Unloading 1190 Unused Serialized files (Serialized files now loaded: 0)
System memory in use before: 142.6 MB.
System memory in use after: 142.6 MB.

Unloading 6 unused Assets to reduce memory usage. Loaded Objects now: 1670.
Total: 1.937817 ms (FindLiveObjects: 0.290768 ms CreateObjectMapping: 0.093960 ms MarkObjects: 1.497232 ms  DeleteObjects: 0.054746 ms)

========================================================================
Received Import Request.
  Time since last request: 431.225223 seconds.
  path: Assets/_CustomPostprocess/M65Noise.shader
  artifactKey: Guid(4627551af3e384ad4918a245af5b4241) Importer(815301076,1909f56bfc062723c751e8b465ee728b)
Start importing Assets/_CustomPostprocess/M65Noise.shader using Guid(4627551af3e384ad4918a245af5b4241) Importer(815301076,1909f56bfc062723c751e8b465ee728b)  -> (artifact id: '7dc93c11c103d691a80949c1306d46dc') in 0.011368 seconds
  Import took 0.013292 seconds .

========================================================================
Received Import Request.
  Time since last request: 0.001467 seconds.
  path: Assets/_CustomPostprocess/M65Noise.shader
  artifactKey: Guid(4627551af3e384ad4918a245af5b4241) Importer(815301076,1909f56bfc062723c751e8b465ee728b)
Start importing Assets/_CustomPostprocess/M65Noise.shader using Guid(4627551af3e384ad4918a245af5b4241) Importer(815301076,1909f56bfc062723c751e8b465ee728b)  -> (artifact id: '7dc93c11c103d691a80949c1306d46dc') in 0.001873 seconds
  Import took 0.003509 seconds .

========================================================================
Received Prepare
Registering precompiled user dll's ...
Registered in 0.000338 seconds.
Begin MonoManager ReloadAssembly
Native extension for OSXStandalone target not found
Refreshing native plugins compatible for Editor in 0.49 ms, found 1 plugins.
Preloading 0 native plugins for Editor in 0.00 ms.
Invoked RoslynAnalysisRunner static constructor.
RoslynAnalysisRunner will not be running.
RoslynAnalysisRunner has terminated.
Mono: successfully reloaded assembly
- Completed reload, in  0.948 seconds
Platform modules already initialized, skipping
Refreshing native plugins compatible for Editor in 0.22 ms, found 1 plugins.
Preloading 0 native plugins for Editor in 0.00 ms.
Unloading 1190 Unused Serialized files (Serialized files now loaded: 0)
System memory in use before: 142.8 MB.
System memory in use after: 142.8 MB.

Unloading 6 unused Assets to reduce memory usage. Loaded Objects now: 1672.
Total: 1.437521 ms (FindLiveObjects: 0.146474 ms CreateObjectMapping: 0.037692 ms MarkObjects: 1.200714 ms  DeleteObjects: 0.051736 ms)

========================================================================
Received Import Request.
  Time since last request: 67.162903 seconds.
  path: Assets/_CustomPostprocess/Scenes/SampleScene_Profiles
  artifactKey: Guid(aa2f2405493f64bf2826f872f2a97493) Importer(815301076,1909f56bfc062723c751e8b465ee728b)
Start importing Assets/_CustomPostprocess/Scenes/SampleScene_Profiles using Guid(aa2f2405493f64bf2826f872f2a97493) Importer(815301076,1909f56bfc062723c751e8b465ee728b)  -> (artifact id: 'e464270a551591bd893a3358cdb13997') in 0.003907 seconds
  Import took 0.006122 seconds .

========================================================================
Received Import Request.
  Time since last request: 12.399645 seconds.
  path: Assets/_CustomPostprocess/M65Noise.cs
  artifactKey: Guid(8275fca3c5b864b769eff30c7fd7de3e) Importer(815301076,1909f56bfc062723c751e8b465ee728b)
Start importing Assets/_CustomPostprocess/M65Noise.cs using Guid(8275fca3c5b864b769eff30c7fd7de3e) Importer(815301076,1909f56bfc062723c751e8b465ee728b)  -> (artifact id: '27f48128cb09c21a7bd817b4468ae41e') in 0.001262 seconds
  Import took 0.003821 seconds .

========================================================================
Received Import Request.
  Time since last request: 0.002987 seconds.
  path: Assets/_CustomPostprocess/M65Noise.cs
  artifactKey: Guid(8275fca3c5b864b769eff30c7fd7de3e) Importer(815301076,1909f56bfc062723c751e8b465ee728b)
Start importing Assets/_CustomPostprocess/M65Noise.cs using Guid(8275fca3c5b864b769eff30c7fd7de3e) Importer(815301076,1909f56bfc062723c751e8b465ee728b)  -> (artifact id: '27f48128cb09c21a7bd817b4468ae41e') in 0.001279 seconds
  Import took 0.002816 seconds .

========================================================================
Received Import Request.
  Time since last request: 1.135413 seconds.
  path: Assets/_CustomPostprocess/Main Camera Profile.asset
  artifactKey: Guid(fe449eff227dc4b14854d5612df74757) Importer(815301076,1909f56bfc062723c751e8b465ee728b)
Start importing Assets/_CustomPostprocess/Main Camera Profile.asset using Guid(fe449eff227dc4b14854d5612df74757) Importer(815301076,1909f56bfc062723c751e8b465ee728b)  -> (artifact id: '9d8986020f727800e80fbda9871c6030') in 0.242332 seconds
  Import took 0.244380 seconds .

========================================================================
Received Prepare
Registering precompiled user dll's ...
Registered in 0.000417 seconds.
Begin MonoManager ReloadAssembly
Native extension for OSXStandalone target not found
Refreshing native plugins compatible for Editor in 0.22 ms, found 1 plugins.
Preloading 0 native plugins for Editor in 0.00 ms.
Invoked RoslynAnalysisRunner static constructor.
RoslynAnalysisRunner will not be running.
RoslynAnalysisRunner has terminated.
Mono: successfully reloaded assembly
- Completed reload, in  0.812 seconds
Platform modules already initialized, skipping
Refreshing native plugins compatible for Editor in 0.30 ms, found 1 plugins.
Preloading 0 native plugins for Editor in 0.00 ms.
Unloading 1190 Unused Serialized files (Serialized files now loaded: 0)
System memory in use before: 147.2 MB.
System memory in use after: 147.3 MB.

Unloading 6 unused Assets to reduce memory usage. Loaded Objects now: 1674.
Total: 1.529954 ms (FindLiveObjects: 0.148000 ms CreateObjectMapping: 0.045032 ms MarkObjects: 1.279177 ms  DeleteObjects: 0.056694 ms)

